<?xml version="1.0" encoding="UTF-8"?>
<!-- Generated by org.testng.reporters.JUnitReportReporter -->
<testsuite hostname="DESKTOP-10OMTQO" failures="0" tests="1" name="automationpractice.BaseClass" time="15.975" errors="0" timestamp="2025-04-05T15:27:28 IST" skipped="0">
  <testcase classname="automationpractice.BaseClass" name="browserLaunch" time="15.975"/>
</testsuite> <!-- automationpractice.BaseClass -->
